  final2.cpp
C:\Users\kmn27\Documents\GitHub\ComputerGraphics\Final_HW\project2\final2\final2.cpp(136,22): warning C4305: '초기화 중': 'double'에서 'float'(으)로 잘립니다.
C:\Users\kmn27\Documents\GitHub\ComputerGraphics\Final_HW\project2\final2\final2.cpp(350,62): warning C4244: '인수': 'int'에서 'GLfloat'(으)로 변환하면서 데이터가 손실될 수 있습니다.
C:\Users\kmn27\Documents\GitHub\ComputerGraphics\Final_HW\project2\final2\final2.cpp(350,51): warning C4244: '인수': 'int'에서 'GLfloat'(으)로 변환하면서 데이터가 손실될 수 있습니다.
C:\Users\kmn27\Documents\GitHub\ComputerGraphics\Final_HW\project2\final2\final2.cpp(350,40): warning C4244: '인수': 'int'에서 'GLfloat'(으)로 변환하면서 데이터가 손실될 수 있습니다.
C:\Users\kmn27\Documents\GitHub\ComputerGraphics\Final_HW\project2\final2\final2.cpp(351,61): warning C4244: '인수': 'int'에서 'GLfloat'(으)로 변환하면서 데이터가 손실될 수 있습니다.
C:\Users\kmn27\Documents\GitHub\ComputerGraphics\Final_HW\project2\final2\final2.cpp(351,50): warning C4244: '인수': 'int'에서 'GLfloat'(으)로 변환하면서 데이터가 손실될 수 있습니다.
C:\Users\kmn27\Documents\GitHub\ComputerGraphics\Final_HW\project2\final2\final2.cpp(351,40): warning C4244: '인수': 'int'에서 'GLfloat'(으)로 변환하면서 데이터가 손실될 수 있습니다.
C:\Users\kmn27\Documents\GitHub\ComputerGraphics\Final_HW\project2\final2\final2.cpp(352,60): warning C4244: '인수': 'int'에서 'GLfloat'(으)로 변환하면서 데이터가 손실될 수 있습니다.
C:\Users\kmn27\Documents\GitHub\ComputerGraphics\Final_HW\project2\final2\final2.cpp(352,50): warning C4244: '인수': 'int'에서 'GLfloat'(으)로 변환하면서 데이터가 손실될 수 있습니다.
C:\Users\kmn27\Documents\GitHub\ComputerGraphics\Final_HW\project2\final2\final2.cpp(352,40): warning C4244: '인수': 'int'에서 'GLfloat'(으)로 변환하면서 데이터가 손실될 수 있습니다.
C:\Users\kmn27\Documents\GitHub\ComputerGraphics\Final_HW\project2\final2\final2.cpp(353,61): warning C4244: '인수': 'int'에서 'GLfloat'(으)로 변환하면서 데이터가 손실될 수 있습니다.
C:\Users\kmn27\Documents\GitHub\ComputerGraphics\Final_HW\project2\final2\final2.cpp(353,51): warning C4244: '인수': 'int'에서 'GLfloat'(으)로 변환하면서 데이터가 손실될 수 있습니다.
C:\Users\kmn27\Documents\GitHub\ComputerGraphics\Final_HW\project2\final2\final2.cpp(353,40): warning C4244: '인수': 'int'에서 'GLfloat'(으)로 변환하면서 데이터가 손실될 수 있습니다.
C:\Users\kmn27\Documents\GitHub\ComputerGraphics\Final_HW\project2\final2\final2.cpp(358,61): warning C4244: '인수': 'int'에서 'GLfloat'(으)로 변환하면서 데이터가 손실될 수 있습니다.
C:\Users\kmn27\Documents\GitHub\ComputerGraphics\Final_HW\project2\final2\final2.cpp(358,50): warning C4244: '인수': 'int'에서 'GLfloat'(으)로 변환하면서 데이터가 손실될 수 있습니다.
C:\Users\kmn27\Documents\GitHub\ComputerGraphics\Final_HW\project2\final2\final2.cpp(358,40): warning C4244: '인수': 'int'에서 'GLfloat'(으)로 변환하면서 데이터가 손실될 수 있습니다.
C:\Users\kmn27\Documents\GitHub\ComputerGraphics\Final_HW\project2\final2\final2.cpp(359,62): warning C4244: '인수': 'int'에서 'GLfloat'(으)로 변환하면서 데이터가 손실될 수 있습니다.
C:\Users\kmn27\Documents\GitHub\ComputerGraphics\Final_HW\project2\final2\final2.cpp(359,51): warning C4244: '인수': 'int'에서 'GLfloat'(으)로 변환하면서 데이터가 손실될 수 있습니다.
C:\Users\kmn27\Documents\GitHub\ComputerGraphics\Final_HW\project2\final2\final2.cpp(359,40): warning C4244: '인수': 'int'에서 'GLfloat'(으)로 변환하면서 데이터가 손실될 수 있습니다.
C:\Users\kmn27\Documents\GitHub\ComputerGraphics\Final_HW\project2\final2\final2.cpp(360,61): warning C4244: '인수': 'int'에서 'GLfloat'(으)로 변환하면서 데이터가 손실될 수 있습니다.
C:\Users\kmn27\Documents\GitHub\ComputerGraphics\Final_HW\project2\final2\final2.cpp(360,51): warning C4244: '인수': 'int'에서 'GLfloat'(으)로 변환하면서 데이터가 손실될 수 있습니다.
C:\Users\kmn27\Documents\GitHub\ComputerGraphics\Final_HW\project2\final2\final2.cpp(360,40): warning C4244: '인수': 'int'에서 'GLfloat'(으)로 변환하면서 데이터가 손실될 수 있습니다.
C:\Users\kmn27\Documents\GitHub\ComputerGraphics\Final_HW\project2\final2\final2.cpp(361,60): warning C4244: '인수': 'int'에서 'GLfloat'(으)로 변환하면서 데이터가 손실될 수 있습니다.
C:\Users\kmn27\Documents\GitHub\ComputerGraphics\Final_HW\project2\final2\final2.cpp(361,50): warning C4244: '인수': 'int'에서 'GLfloat'(으)로 변환하면서 데이터가 손실될 수 있습니다.
C:\Users\kmn27\Documents\GitHub\ComputerGraphics\Final_HW\project2\final2\final2.cpp(361,40): warning C4244: '인수': 'int'에서 'GLfloat'(으)로 변환하면서 데이터가 손실될 수 있습니다.
C:\Users\kmn27\Documents\GitHub\ComputerGraphics\Final_HW\project2\final2\final2.cpp(367,61): warning C4244: '인수': 'int'에서 'GLfloat'(으)로 변환하면서 데이터가 손실될 수 있습니다.
C:\Users\kmn27\Documents\GitHub\ComputerGraphics\Final_HW\project2\final2\final2.cpp(367,50): warning C4244: '인수': 'int'에서 'GLfloat'(으)로 변환하면서 데이터가 손실될 수 있습니다.
C:\Users\kmn27\Documents\GitHub\ComputerGraphics\Final_HW\project2\final2\final2.cpp(367,40): warning C4244: '인수': 'int'에서 'GLfloat'(으)로 변환하면서 데이터가 손실될 수 있습니다.
C:\Users\kmn27\Documents\GitHub\ComputerGraphics\Final_HW\project2\final2\final2.cpp(368,61): warning C4244: '인수': 'int'에서 'GLfloat'(으)로 변환하면서 데이터가 손실될 수 있습니다.
C:\Users\kmn27\Documents\GitHub\ComputerGraphics\Final_HW\project2\final2\final2.cpp(368,50): warning C4244: '인수': 'int'에서 'GLfloat'(으)로 변환하면서 데이터가 손실될 수 있습니다.
C:\Users\kmn27\Documents\GitHub\ComputerGraphics\Final_HW\project2\final2\final2.cpp(368,40): warning C4244: '인수': 'int'에서 'GLfloat'(으)로 변환하면서 데이터가 손실될 수 있습니다.
C:\Users\kmn27\Documents\GitHub\ComputerGraphics\Final_HW\project2\final2\final2.cpp(369,60): warning C4244: '인수': 'int'에서 'GLfloat'(으)로 변환하면서 데이터가 손실될 수 있습니다.
C:\Users\kmn27\Documents\GitHub\ComputerGraphics\Final_HW\project2\final2\final2.cpp(369,50): warning C4244: '인수': 'int'에서 'GLfloat'(으)로 변환하면서 데이터가 손실될 수 있습니다.
C:\Users\kmn27\Documents\GitHub\ComputerGraphics\Final_HW\project2\final2\final2.cpp(369,40): warning C4244: '인수': 'int'에서 'GLfloat'(으)로 변환하면서 데이터가 손실될 수 있습니다.
C:\Users\kmn27\Documents\GitHub\ComputerGraphics\Final_HW\project2\final2\final2.cpp(370,60): warning C4244: '인수': 'int'에서 'GLfloat'(으)로 변환하면서 데이터가 손실될 수 있습니다.
C:\Users\kmn27\Documents\GitHub\ComputerGraphics\Final_HW\project2\final2\final2.cpp(370,50): warning C4244: '인수': 'int'에서 'GLfloat'(으)로 변환하면서 데이터가 손실될 수 있습니다.
C:\Users\kmn27\Documents\GitHub\ComputerGraphics\Final_HW\project2\final2\final2.cpp(370,40): warning C4244: '인수': 'int'에서 'GLfloat'(으)로 변환하면서 데이터가 손실될 수 있습니다.
C:\Users\kmn27\Documents\GitHub\ComputerGraphics\Final_HW\project2\final2\final2.cpp(376,62): warning C4244: '인수': 'int'에서 'GLfloat'(으)로 변환하면서 데이터가 손실될 수 있습니다.
C:\Users\kmn27\Documents\GitHub\ComputerGraphics\Final_HW\project2\final2\final2.cpp(376,51): warning C4244: '인수': 'int'에서 'GLfloat'(으)로 변환하면서 데이터가 손실될 수 있습니다.
C:\Users\kmn27\Documents\GitHub\ComputerGraphics\Final_HW\project2\final2\final2.cpp(376,40): warning C4244: '인수': 'int'에서 'GLfloat'(으)로 변환하면서 데이터가 손실될 수 있습니다.
C:\Users\kmn27\Documents\GitHub\ComputerGraphics\Final_HW\project2\final2\final2.cpp(377,62): warning C4244: '인수': 'int'에서 'GLfloat'(으)로 변환하면서 데이터가 손실될 수 있습니다.
C:\Users\kmn27\Documents\GitHub\ComputerGraphics\Final_HW\project2\final2\final2.cpp(377,51): warning C4244: '인수': 'int'에서 'GLfloat'(으)로 변환하면서 데이터가 손실될 수 있습니다.
C:\Users\kmn27\Documents\GitHub\ComputerGraphics\Final_HW\project2\final2\final2.cpp(377,40): warning C4244: '인수': 'int'에서 'GLfloat'(으)로 변환하면서 데이터가 손실될 수 있습니다.
C:\Users\kmn27\Documents\GitHub\ComputerGraphics\Final_HW\project2\final2\final2.cpp(378,61): warning C4244: '인수': 'int'에서 'GLfloat'(으)로 변환하면서 데이터가 손실될 수 있습니다.
C:\Users\kmn27\Documents\GitHub\ComputerGraphics\Final_HW\project2\final2\final2.cpp(378,51): warning C4244: '인수': 'int'에서 'GLfloat'(으)로 변환하면서 데이터가 손실될 수 있습니다.
C:\Users\kmn27\Documents\GitHub\ComputerGraphics\Final_HW\project2\final2\final2.cpp(378,40): warning C4244: '인수': 'int'에서 'GLfloat'(으)로 변환하면서 데이터가 손실될 수 있습니다.
C:\Users\kmn27\Documents\GitHub\ComputerGraphics\Final_HW\project2\final2\final2.cpp(379,61): warning C4244: '인수': 'int'에서 'GLfloat'(으)로 변환하면서 데이터가 손실될 수 있습니다.
C:\Users\kmn27\Documents\GitHub\ComputerGraphics\Final_HW\project2\final2\final2.cpp(379,51): warning C4244: '인수': 'int'에서 'GLfloat'(으)로 변환하면서 데이터가 손실될 수 있습니다.
C:\Users\kmn27\Documents\GitHub\ComputerGraphics\Final_HW\project2\final2\final2.cpp(379,40): warning C4244: '인수': 'int'에서 'GLfloat'(으)로 변환하면서 데이터가 손실될 수 있습니다.
C:\Users\kmn27\Documents\GitHub\ComputerGraphics\Final_HW\project2\final2\final2.cpp(385,61): warning C4244: '인수': 'int'에서 'GLfloat'(으)로 변환하면서 데이터가 손실될 수 있습니다.
C:\Users\kmn27\Documents\GitHub\ComputerGraphics\Final_HW\project2\final2\final2.cpp(385,51): warning C4244: '인수': 'int'에서 'GLfloat'(으)로 변환하면서 데이터가 손실될 수 있습니다.
C:\Users\kmn27\Documents\GitHub\ComputerGraphics\Final_HW\project2\final2\final2.cpp(385,40): warning C4244: '인수': 'int'에서 'GLfloat'(으)로 변환하면서 데이터가 손실될 수 있습니다.
C:\Users\kmn27\Documents\GitHub\ComputerGraphics\Final_HW\project2\final2\final2.cpp(386,60): warning C4244: '인수': 'int'에서 'GLfloat'(으)로 변환하면서 데이터가 손실될 수 있습니다.
C:\Users\kmn27\Documents\GitHub\ComputerGraphics\Final_HW\project2\final2\final2.cpp(386,50): warning C4244: '인수': 'int'에서 'GLfloat'(으)로 변환하면서 데이터가 손실될 수 있습니다.
C:\Users\kmn27\Documents\GitHub\ComputerGraphics\Final_HW\project2\final2\final2.cpp(386,40): warning C4244: '인수': 'int'에서 'GLfloat'(으)로 변환하면서 데이터가 손실될 수 있습니다.
C:\Users\kmn27\Documents\GitHub\ComputerGraphics\Final_HW\project2\final2\final2.cpp(387,60): warning C4244: '인수': 'int'에서 'GLfloat'(으)로 변환하면서 데이터가 손실될 수 있습니다.
C:\Users\kmn27\Documents\GitHub\ComputerGraphics\Final_HW\project2\final2\final2.cpp(387,50): warning C4244: '인수': 'int'에서 'GLfloat'(으)로 변환하면서 데이터가 손실될 수 있습니다.
C:\Users\kmn27\Documents\GitHub\ComputerGraphics\Final_HW\project2\final2\final2.cpp(387,40): warning C4244: '인수': 'int'에서 'GLfloat'(으)로 변환하면서 데이터가 손실될 수 있습니다.
C:\Users\kmn27\Documents\GitHub\ComputerGraphics\Final_HW\project2\final2\final2.cpp(388,61): warning C4244: '인수': 'int'에서 'GLfloat'(으)로 변환하면서 데이터가 손실될 수 있습니다.
C:\Users\kmn27\Documents\GitHub\ComputerGraphics\Final_HW\project2\final2\final2.cpp(388,51): warning C4244: '인수': 'int'에서 'GLfloat'(으)로 변환하면서 데이터가 손실될 수 있습니다.
C:\Users\kmn27\Documents\GitHub\ComputerGraphics\Final_HW\project2\final2\final2.cpp(388,40): warning C4244: '인수': 'int'에서 'GLfloat'(으)로 변환하면서 데이터가 손실될 수 있습니다.
C:\Users\kmn27\Documents\GitHub\ComputerGraphics\Final_HW\project2\final2\final2.cpp(394,62): warning C4244: '인수': 'int'에서 'GLfloat'(으)로 변환하면서 데이터가 손실될 수 있습니다.
C:\Users\kmn27\Documents\GitHub\ComputerGraphics\Final_HW\project2\final2\final2.cpp(394,51): warning C4244: '인수': 'int'에서 'GLfloat'(으)로 변환하면서 데이터가 손실될 수 있습니다.
C:\Users\kmn27\Documents\GitHub\ComputerGraphics\Final_HW\project2\final2\final2.cpp(394,40): warning C4244: '인수': 'int'에서 'GLfloat'(으)로 변환하면서 데이터가 손실될 수 있습니다.
C:\Users\kmn27\Documents\GitHub\ComputerGraphics\Final_HW\project2\final2\final2.cpp(395,61): warning C4244: '인수': 'int'에서 'GLfloat'(으)로 변환하면서 데이터가 손실될 수 있습니다.
C:\Users\kmn27\Documents\GitHub\ComputerGraphics\Final_HW\project2\final2\final2.cpp(395,50): warning C4244: '인수': 'int'에서 'GLfloat'(으)로 변환하면서 데이터가 손실될 수 있습니다.
C:\Users\kmn27\Documents\GitHub\ComputerGraphics\Final_HW\project2\final2\final2.cpp(395,40): warning C4244: '인수': 'int'에서 'GLfloat'(으)로 변환하면서 데이터가 손실될 수 있습니다.
C:\Users\kmn27\Documents\GitHub\ComputerGraphics\Final_HW\project2\final2\final2.cpp(396,61): warning C4244: '인수': 'int'에서 'GLfloat'(으)로 변환하면서 데이터가 손실될 수 있습니다.
C:\Users\kmn27\Documents\GitHub\ComputerGraphics\Final_HW\project2\final2\final2.cpp(396,50): warning C4244: '인수': 'int'에서 'GLfloat'(으)로 변환하면서 데이터가 손실될 수 있습니다.
C:\Users\kmn27\Documents\GitHub\ComputerGraphics\Final_HW\project2\final2\final2.cpp(396,40): warning C4244: '인수': 'int'에서 'GLfloat'(으)로 변환하면서 데이터가 손실될 수 있습니다.
C:\Users\kmn27\Documents\GitHub\ComputerGraphics\Final_HW\project2\final2\final2.cpp(397,62): warning C4244: '인수': 'int'에서 'GLfloat'(으)로 변환하면서 데이터가 손실될 수 있습니다.
C:\Users\kmn27\Documents\GitHub\ComputerGraphics\Final_HW\project2\final2\final2.cpp(397,51): warning C4244: '인수': 'int'에서 'GLfloat'(으)로 변환하면서 데이터가 손실될 수 있습니다.
C:\Users\kmn27\Documents\GitHub\ComputerGraphics\Final_HW\project2\final2\final2.cpp(397,40): warning C4244: '인수': 'int'에서 'GLfloat'(으)로 변환하면서 데이터가 손실될 수 있습니다.
C:\Users\kmn27\Documents\GitHub\ComputerGraphics\Final_HW\project2\final2\final2.cpp(434,36): warning C4305: '인수': 'double'에서 'GLfloat'(으)로 잘립니다.
  final2.vcxproj -> C:\Users\kmn27\Documents\GitHub\ComputerGraphics\Final_HW\project2\final2\x64\Debug\final2.exe
