  test.cpp
C:\GitHubDesktop\Computer-Graphics\Study\Study\test.cpp(13,19): warning C4305: '초기화 중': 'double'에서 'float'(으)로 잘립니다.
C:\GitHubDesktop\Computer-Graphics\Study\Study\test.cpp(19,9): warning C4305: '초기화 중': 'double'에서 'GLfloat'(으)로 잘립니다.
C:\GitHubDesktop\Computer-Graphics\Study\Study\test.cpp(19,15): warning C4305: '초기화 중': 'double'에서 'GLfloat'(으)로 잘립니다.
C:\GitHubDesktop\Computer-Graphics\Study\Study\test.cpp(20,10): warning C4305: '초기화 중': 'double'에서 'GLfloat'(으)로 잘립니다.
C:\GitHubDesktop\Computer-Graphics\Study\Study\test.cpp(20,17): warning C4305: '초기화 중': 'double'에서 'GLfloat'(으)로 잘립니다.
C:\GitHubDesktop\Computer-Graphics\Study\Study\test.cpp(21,9): warning C4305: '초기화 중': 'double'에서 'GLfloat'(으)로 잘립니다.
C:\GitHubDesktop\Computer-Graphics\Study\Study\test.cpp(21,17): warning C4305: '초기화 중': 'double'에서 'GLfloat'(으)로 잘립니다.
C:\GitHubDesktop\Computer-Graphics\Study\Study\test.cpp(22,8): warning C4305: '초기화 중': 'double'에서 'GLfloat'(으)로 잘립니다.
C:\GitHubDesktop\Computer-Graphics\Study\Study\test.cpp(22,14): warning C4305: '초기화 중': 'double'에서 'GLfloat'(으)로 잘립니다.
C:\GitHubDesktop\Computer-Graphics\Study\Study\test.cpp(23,9): warning C4305: '초기화 중': 'double'에서 'GLfloat'(으)로 잘립니다.
C:\GitHubDesktop\Computer-Graphics\Study\Study\test.cpp(23,14): warning C4305: '초기화 중': 'double'에서 'GLfloat'(으)로 잘립니다.
C:\GitHubDesktop\Computer-Graphics\Study\Study\test.cpp(24,10): warning C4305: '초기화 중': 'double'에서 'GLfloat'(으)로 잘립니다.
C:\GitHubDesktop\Computer-Graphics\Study\Study\test.cpp(24,17): warning C4305: '초기화 중': 'double'에서 'GLfloat'(으)로 잘립니다.
C:\GitHubDesktop\Computer-Graphics\Study\Study\test.cpp(25,9): warning C4305: '초기화 중': 'double'에서 'GLfloat'(으)로 잘립니다.
C:\GitHubDesktop\Computer-Graphics\Study\Study\test.cpp(25,16): warning C4305: '초기화 중': 'double'에서 'GLfloat'(으)로 잘립니다.
C:\GitHubDesktop\Computer-Graphics\Study\Study\test.cpp(26,8): warning C4305: '초기화 중': 'double'에서 'GLfloat'(으)로 잘립니다.
C:\GitHubDesktop\Computer-Graphics\Study\Study\test.cpp(26,13): warning C4305: '초기화 중': 'double'에서 'GLfloat'(으)로 잘립니다.
C:\GitHubDesktop\Computer-Graphics\Study\Study\test.cpp(53,3): warning C4305: '초기화 중': 'double'에서 'GLfloat'(으)로 잘립니다.
C:\GitHubDesktop\Computer-Graphics\Study\Study\test.cpp(53,10): warning C4305: '초기화 중': 'double'에서 'GLfloat'(으)로 잘립니다.
C:\GitHubDesktop\Computer-Graphics\Study\Study\test.cpp(53,17): warning C4305: '초기화 중': 'double'에서 'GLfloat'(으)로 잘립니다.
C:\GitHubDesktop\Computer-Graphics\Study\Study\test.cpp(54,3): warning C4305: '초기화 중': 'double'에서 'GLfloat'(으)로 잘립니다.
C:\GitHubDesktop\Computer-Graphics\Study\Study\test.cpp(54,10): warning C4305: '초기화 중': 'double'에서 'GLfloat'(으)로 잘립니다.
C:\GitHubDesktop\Computer-Graphics\Study\Study\test.cpp(54,18): warning C4305: '초기화 중': 'double'에서 'GLfloat'(으)로 잘립니다.
C:\GitHubDesktop\Computer-Graphics\Study\Study\test.cpp(55,3): warning C4305: '초기화 중': 'double'에서 'GLfloat'(으)로 잘립니다.
C:\GitHubDesktop\Computer-Graphics\Study\Study\test.cpp(55,10): warning C4305: '초기화 중': 'double'에서 'GLfloat'(으)로 잘립니다.
C:\GitHubDesktop\Computer-Graphics\Study\Study\test.cpp(55,18): warning C4305: '초기화 중': 'double'에서 'GLfloat'(으)로 잘립니다.
C:\GitHubDesktop\Computer-Graphics\Study\Study\test.cpp(56,3): warning C4305: '초기화 중': 'double'에서 'GLfloat'(으)로 잘립니다.
C:\GitHubDesktop\Computer-Graphics\Study\Study\test.cpp(56,10): warning C4305: '초기화 중': 'double'에서 'GLfloat'(으)로 잘립니다.
C:\GitHubDesktop\Computer-Graphics\Study\Study\test.cpp(56,18): warning C4305: '초기화 중': 'double'에서 'GLfloat'(으)로 잘립니다.
C:\GitHubDesktop\Computer-Graphics\Study\Study\test.cpp(57,3): warning C4305: '초기화 중': 'double'에서 'GLfloat'(으)로 잘립니다.
C:\GitHubDesktop\Computer-Graphics\Study\Study\test.cpp(57,10): warning C4305: '초기화 중': 'double'에서 'GLfloat'(으)로 잘립니다.
C:\GitHubDesktop\Computer-Graphics\Study\Study\test.cpp(57,17): warning C4305: '초기화 중': 'double'에서 'GLfloat'(으)로 잘립니다.
C:\GitHubDesktop\Computer-Graphics\Study\Study\test.cpp(58,3): warning C4305: '초기화 중': 'double'에서 'GLfloat'(으)로 잘립니다.
C:\GitHubDesktop\Computer-Graphics\Study\Study\test.cpp(58,10): warning C4305: '초기화 중': 'double'에서 'GLfloat'(으)로 잘립니다.
C:\GitHubDesktop\Computer-Graphics\Study\Study\test.cpp(58,18): warning C4305: '초기화 중': 'double'에서 'GLfloat'(으)로 잘립니다.
C:\GitHubDesktop\Computer-Graphics\Study\Study\test.cpp(59,3): warning C4305: '초기화 중': 'double'에서 'GLfloat'(으)로 잘립니다.
C:\GitHubDesktop\Computer-Graphics\Study\Study\test.cpp(59,10): warning C4305: '초기화 중': 'double'에서 'GLfloat'(으)로 잘립니다.
C:\GitHubDesktop\Computer-Graphics\Study\Study\test.cpp(59,18): warning C4305: '초기화 중': 'double'에서 'GLfloat'(으)로 잘립니다.
C:\GitHubDesktop\Computer-Graphics\Study\Study\test.cpp(60,3): warning C4305: '초기화 중': 'double'에서 'GLfloat'(으)로 잘립니다.
C:\GitHubDesktop\Computer-Graphics\Study\Study\test.cpp(60,10): warning C4305: '초기화 중': 'double'에서 'GLfloat'(으)로 잘립니다.
C:\GitHubDesktop\Computer-Graphics\Study\Study\test.cpp(60,17): warning C4305: '초기화 중': 'double'에서 'GLfloat'(으)로 잘립니다.
C:\GitHubDesktop\Computer-Graphics\Study\Study\test.cpp(64,3): warning C4305: '초기화 중': 'double'에서 'GLfloat'(으)로 잘립니다.
C:\GitHubDesktop\Computer-Graphics\Study\Study\test.cpp(64,8): warning C4305: '초기화 중': 'double'에서 'GLfloat'(으)로 잘립니다.
C:\GitHubDesktop\Computer-Graphics\Study\Study\test.cpp(64,13): warning C4305: '초기화 중': 'double'에서 'GLfloat'(으)로 잘립니다.
C:\GitHubDesktop\Computer-Graphics\Study\Study\test.cpp(65,3): warning C4305: '초기화 중': 'double'에서 'GLfloat'(으)로 잘립니다.
C:\GitHubDesktop\Computer-Graphics\Study\Study\test.cpp(65,8): warning C4305: '초기화 중': 'double'에서 'GLfloat'(으)로 잘립니다.
C:\GitHubDesktop\Computer-Graphics\Study\Study\test.cpp(65,13): warning C4305: '초기화 중': 'double'에서 'GLfloat'(으)로 잘립니다.
C:\GitHubDesktop\Computer-Graphics\Study\Study\test.cpp(66,3): warning C4305: '초기화 중': 'double'에서 'GLfloat'(으)로 잘립니다.
C:\GitHubDesktop\Computer-Graphics\Study\Study\test.cpp(66,8): warning C4305: '초기화 중': 'double'에서 'GLfloat'(으)로 잘립니다.
C:\GitHubDesktop\Computer-Graphics\Study\Study\test.cpp(66,13): warning C4305: '초기화 중': 'double'에서 'GLfloat'(으)로 잘립니다.
C:\GitHubDesktop\Computer-Graphics\Study\Study\test.cpp(67,3): warning C4305: '초기화 중': 'double'에서 'GLfloat'(으)로 잘립니다.
C:\GitHubDesktop\Computer-Graphics\Study\Study\test.cpp(67,8): warning C4305: '초기화 중': 'double'에서 'GLfloat'(으)로 잘립니다.
C:\GitHubDesktop\Computer-Graphics\Study\Study\test.cpp(67,13): warning C4305: '초기화 중': 'double'에서 'GLfloat'(으)로 잘립니다.
C:\GitHubDesktop\Computer-Graphics\Study\Study\test.cpp(68,3): warning C4305: '초기화 중': 'double'에서 'GLfloat'(으)로 잘립니다.
C:\GitHubDesktop\Computer-Graphics\Study\Study\test.cpp(68,8): warning C4305: '초기화 중': 'double'에서 'GLfloat'(으)로 잘립니다.
C:\GitHubDesktop\Computer-Graphics\Study\Study\test.cpp(68,13): warning C4305: '초기화 중': 'double'에서 'GLfloat'(으)로 잘립니다.
C:\GitHubDesktop\Computer-Graphics\Study\Study\test.cpp(69,3): warning C4305: '초기화 중': 'double'에서 'GLfloat'(으)로 잘립니다.
C:\GitHubDesktop\Computer-Graphics\Study\Study\test.cpp(69,8): warning C4305: '초기화 중': 'double'에서 'GLfloat'(으)로 잘립니다.
C:\GitHubDesktop\Computer-Graphics\Study\Study\test.cpp(69,13): warning C4305: '초기화 중': 'double'에서 'GLfloat'(으)로 잘립니다.
C:\GitHubDesktop\Computer-Graphics\Study\Study\test.cpp(70,3): warning C4305: '초기화 중': 'double'에서 'GLfloat'(으)로 잘립니다.
C:\GitHubDesktop\Computer-Graphics\Study\Study\test.cpp(70,8): warning C4305: '초기화 중': 'double'에서 'GLfloat'(으)로 잘립니다.
C:\GitHubDesktop\Computer-Graphics\Study\Study\test.cpp(70,13): warning C4305: '초기화 중': 'double'에서 'GLfloat'(으)로 잘립니다.
C:\GitHubDesktop\Computer-Graphics\Study\Study\test.cpp(71,3): warning C4305: '초기화 중': 'double'에서 'GLfloat'(으)로 잘립니다.
C:\GitHubDesktop\Computer-Graphics\Study\Study\test.cpp(71,8): warning C4305: '초기화 중': 'double'에서 'GLfloat'(으)로 잘립니다.
C:\GitHubDesktop\Computer-Graphics\Study\Study\test.cpp(71,13): warning C4305: '초기화 중': 'double'에서 'GLfloat'(으)로 잘립니다.
C:\GitHubDesktop\Computer-Graphics\Study\Study\test.cpp(86,33): warning C4305: '초기화 중': 'double'에서 'GLfloat'(으)로 잘립니다.
C:\GitHubDesktop\Computer-Graphics\Study\Study\test.cpp(86,38): warning C4305: '초기화 중': 'double'에서 'GLfloat'(으)로 잘립니다.
C:\GitHubDesktop\Computer-Graphics\Study\Study\test.cpp(88,33): warning C4305: '초기화 중': 'double'에서 'GLfloat'(으)로 잘립니다.
C:\GitHubDesktop\Computer-Graphics\Study\Study\test.cpp(88,38): warning C4305: '초기화 중': 'double'에서 'GLfloat'(으)로 잘립니다.
C:\GitHubDesktop\Computer-Graphics\Study\Study\test.cpp(92,30): warning C4305: '초기화 중': 'double'에서 'GLfloat'(으)로 잘립니다.
C:\GitHubDesktop\Computer-Graphics\Study\Study\test.cpp(92,35): warning C4305: '초기화 중': 'double'에서 'GLfloat'(으)로 잘립니다.
C:\GitHubDesktop\Computer-Graphics\Study\Study\test.cpp(92,40): warning C4305: '초기화 중': 'double'에서 'GLfloat'(으)로 잘립니다.
C:\GitHubDesktop\Computer-Graphics\Study\Study\test.cpp(93,30): warning C4305: '초기화 중': 'double'에서 'GLfloat'(으)로 잘립니다.
C:\GitHubDesktop\Computer-Graphics\Study\Study\test.cpp(93,35): warning C4305: '초기화 중': 'double'에서 'GLfloat'(으)로 잘립니다.
C:\GitHubDesktop\Computer-Graphics\Study\Study\test.cpp(93,40): warning C4305: '초기화 중': 'double'에서 'GLfloat'(으)로 잘립니다.
C:\GitHubDesktop\Computer-Graphics\Study\Study\test.cpp(207,10): warning C4305: '초기화 중': 'double'에서 'float'(으)로 잘립니다.
C:\GitHubDesktop\Computer-Graphics\Study\Study\test.cpp(208,10): warning C4305: '초기화 중': 'double'에서 'float'(으)로 잘립니다.
C:\GitHubDesktop\Computer-Graphics\Study\Study\test.cpp(234,10): warning C4244: '초기화 중': 'double'에서 'float'(으)로 변환하면서 데이터가 손실될 수 있습니다.
C:\GitHubDesktop\Computer-Graphics\Study\Study\test.cpp(235,10): warning C4244: '초기화 중': 'double'에서 'float'(으)로 변환하면서 데이터가 손실될 수 있습니다.
C:\GitHubDesktop\Computer-Graphics\Study\Study\test.cpp(268,25): warning C4305: '인수': 'double'에서 'GLclampf'(으)로 잘립니다.
C:\GitHubDesktop\Computer-Graphics\Study\Study\test.cpp(268,20): warning C4305: '인수': 'double'에서 'GLclampf'(으)로 잘립니다.
C:\GitHubDesktop\Computer-Graphics\Study\Study\test.cpp(268,15): warning C4305: '인수': 'double'에서 'GLclampf'(으)로 잘립니다.
  Study.vcxproj -> C:\GitHubDesktop\Computer-Graphics\Study\x64\Debug\Study.exe
  'pwsh.exe' is not recognized as an internal or external command,
  operable program or batch file.
